<?xml version="1.0" encoding="UTF-8"?>
<testsuite name="org.example.PostTest" tests="1" skipped="0" failures="0" errors="0" timestamp="2023-10-03T03:04:37" hostname="ijunhoui-MacBookAir.local" time="0.035">
  <properties/>
  <testcase name="test()" classname="org.example.PostTest" time="0.035"/>
  <system-out><![CDATA[빌더패턴에 대해서 알아보자.
이준호
오늘은 빌더패턴에 대해서 알아보겠습니다.
빌더패턴에 대해서 알아보자.
이준호
오늘은 빌더패턴에 대해서 알아보겠습니다.
]]></system-out>
  <system-err><![CDATA[]]></system-err>
</testsuite>
